2024-08-18T00:03:56.806Z - info: [ui] [Welcome] no sign in step found. ignoring...
2024-08-18T00:03:56.979Z - info: [ui] [Welcome] no sign in step found. ignoring...
2024-08-18T00:03:59.617Z - info: [ui] [Welcome] advancing to step: SignInToDotComWithBrowser
2024-08-18T00:03:59.617Z - info: [ui] [SignInStore] initializing OAuth flow
2024-08-18T00:03:59.620Z - info: [main] opening in browser: https://github.com/login/oauth/authorize?client_id=3a723b10ac5575cc5bb9&scope=repo%20user%20workflow&state=f90205a7-b87e-49fe-985f-cc9e30e12414
2024-08-18T00:03:59.620Z - info: [ui] [SignInStore] account resolved
2024-08-18T00:03:59.621Z - info: [ui] [Welcome] current sign in state not found. ignoring...
2024-08-18T00:03:59.775Z - info: [ui] [Welcome] kind Authentication is the same as Authentication. ignoring...
2024-08-18T00:04:00.403Z - info: [ui] [Welcome] kind Authentication is the same as Authentication. ignoring...
2024-08-18T00:04:00.418Z - info: [ui] [Welcome] kind Authentication is the same as Authentication. ignoring...
2024-08-18T00:04:02.076Z - info: [ui] [Welcome] kind Authentication is the same as Authentication. ignoring...
2024-08-18T02:15:29.199Z - info: [ui] [AppStore] loading 0 repositories from store
2024-08-18T02:15:29.227Z - info: [ui] [Welcome] no sign in step found. ignoring...
2024-08-18T02:15:29.242Z - info: [ui] [Welcome] no sign in step found. ignoring...
2024-08-18T02:15:29.245Z - info: [ui] launching: 3.4.3-linux1 (Linux 6.10.5-arch1-1)
2024-08-18T02:15:29.253Z - info: [ui] execPath: '/opt/github-desktop/github-desktop'
2024-08-18T02:15:29.255Z - info: [ui] [Welcome] no sign in step found. ignoring...
2024-08-18T02:15:29.267Z - info: [ui] [Welcome] no sign in step found. ignoring...
2024-08-18T02:15:29.560Z - info: [ui] [Welcome] no sign in step found. ignoring...
2024-08-18T02:15:29.683Z - info: [ui] [Welcome] no sign in step found. ignoring...
2024-08-18T02:15:30.766Z - info: [ui] [Welcome] advancing to step: SignInToDotComWithBrowser
2024-08-18T02:15:30.770Z - info: [ui] [SignInStore] initializing OAuth flow
2024-08-18T02:15:30.770Z - info: [main] opening in browser: https://github.com/login/oauth/authorize?client_id=3a723b10ac5575cc5bb9&scope=repo%20user%20workflow&state=86ead891-6403-4b44-8238-af66025d13cf
2024-08-18T02:15:30.770Z - info: [ui] [SignInStore] account resolved
2024-08-18T02:15:30.771Z - info: [ui] [Welcome] current sign in state not found. ignoring...
2024-08-18T02:15:31.315Z - info: [ui] [Welcome] kind Authentication is the same as Authentication. ignoring...
2024-08-18T02:15:34.803Z - info: [ui] [Welcome] kind Authentication is the same as Authentication. ignoring...
2024-08-18T02:15:34.830Z - info: [ui] [Welcome] kind Authentication is the same as Authentication. ignoring...
2024-08-18T02:15:36.109Z - info: [ui] [Welcome] kind Authentication is the same as Authentication. ignoring...
2024-08-18T02:15:36.120Z - info: [ui] [Welcome] kind Authentication is the same as Authentication. ignoring...
2024-08-18T02:15:36.339Z - info: [ui] [Welcome] kind Authentication is the same as Authentication. ignoring...
2024-08-18T02:15:36.835Z - info: [ui] [Welcome] kind Authentication is the same as Authentication. ignoring...
2024-08-18T02:15:37.270Z - info: [ui] [Welcome] kind Authentication is the same as Authentication. ignoring...
2024-08-18T02:16:17.635Z - info: [main] Received possible protocol arguments: 3
2024-08-18T02:16:17.636Z - info: [main] Processing protocol url
2024-08-18T02:16:17.653Z - info: [ui] [Welcome] kind Authentication is the same as Authentication. ignoring...
2024-08-18T02:16:17.653Z - info: [ui] [Welcome] kind Authentication is the same as Authentication. ignoring...
2024-08-18T02:16:17.721Z - info: [main] Received possible protocol arguments: 2
2024-08-18T02:16:17.725Z - info: [main] Processing protocol url
2024-08-18T02:16:19.035Z - info: [ui] [AppStore] adding account sepuuu (Matías Sepúlveda ) to store
2024-08-18T02:16:19.035Z - info: [ui] [Welcome] advancing to step: ConfigureGit
2024-08-18T02:16:19.066Z - info: [ui] [Welcome] no sign in step found. ignoring...
2024-08-18T02:16:19.106Z - info: [ui] [Welcome] no sign in step found. ignoring...
2024-08-18T02:16:19.656Z - info: [ui] [Welcome] no sign in step found. ignoring...
2024-08-18T02:16:19.721Z - info: [ui] [Welcome] no sign in step found. ignoring...
2024-08-18T02:16:21.219Z - info: [ui] [Welcome] no sign in step found. ignoring...
2024-08-18T02:16:21.225Z - error: [ui] Error adding account 'sepuuu'
Error: Collection /org/freedesktop/secrets/collection/kdewallet is locked
2024-08-18T02:16:21.229Z - info: [ui] [Welcome] no sign in step found. ignoring...
2024-08-18T02:16:27.081Z - info: [ui] [Welcome] advancing to step: Start
2024-08-18T02:16:28.054Z - info: [ui] [Welcome] advancing to step: SignInToDotComWithBrowser
2024-08-18T02:16:28.058Z - info: [ui] [SignInStore] initializing OAuth flow
2024-08-18T02:16:28.058Z - info: [main] opening in browser: https://github.com/login/oauth/authorize?client_id=3a723b10ac5575cc5bb9&scope=repo%20user%20workflow&state=96ebf36f-81c4-4ede-81be-2c856b76a097
2024-08-18T02:16:28.058Z - info: [ui] [SignInStore] account resolved
2024-08-18T02:16:28.059Z - info: [ui] [Welcome] current sign in state not found. ignoring...
2024-08-18T02:16:28.210Z - info: [ui] [Welcome] kind Authentication is the same as Authentication. ignoring...
2024-08-18T02:16:32.400Z - info: [main] Received possible protocol arguments: 3
2024-08-18T02:16:32.400Z - info: [main] Processing protocol url
2024-08-18T02:16:32.401Z - info: [ui] [Welcome] kind Authentication is the same as Authentication. ignoring...
2024-08-18T02:16:32.419Z - info: [ui] [Welcome] kind Authentication is the same as Authentication. ignoring...
2024-08-18T02:16:32.488Z - info: [main] Received possible protocol arguments: 2
2024-08-18T02:16:32.492Z - info: [main] Processing protocol url
2024-08-18T02:16:33.422Z - info: [ui] [AppStore] adding account sepuuu (Matías Sepúlveda ) to store
2024-08-18T02:16:33.423Z - info: [ui] [Welcome] advancing to step: ConfigureGit
2024-08-18T02:16:33.437Z - info: [ui] [Welcome] no sign in step found. ignoring...
2024-08-18T02:16:33.474Z - info: [ui] [Welcome] no sign in step found. ignoring...
2024-08-18T02:16:36.591Z - info: [ui] [Welcome] no sign in step found. ignoring...
2024-08-18T02:16:36.629Z - info: [ui] [Welcome] no sign in step found. ignoring...
2024-08-18T02:16:37.247Z - info: [ui] Subscribed 'sepuuu' to Alive channel
2024-08-18T02:16:37.358Z - info: [ui] [Welcome] no sign in step found. ignoring...
2024-08-18T02:16:38.125Z - info: [ui] [Welcome] no sign in step found. ignoring...
2024-08-18T02:16:38.139Z - info: [ui] [Welcome] no sign in step found. ignoring...
2024-08-18T02:18:08.090Z - info: [ui] [AppStore] adding repository at /home/mati/.config to store
2024-08-18T02:18:10.320Z - info: [ui] Executing updateIndex: git update-index --add --remove --replace -z --stdin (took 2.111s)
2024-08-18T02:18:15.988Z - info: [ui] [Timing] Action 'create commit' for '.config' took 0.086s
2024-08-18T02:18:20.818Z - info: [ui] [Timing] Action 'create commit' for '.config' took 0.082s
2024-08-18T02:22:44.623Z - info: [ui] [Timing] Action 'create commit' for '.config' took 0.331s
